This is pdfTeX, Version 3.141592653-2.6-1.40.25 (TeX Live 2023) (preloaded format=pdflatex 2024.1.21)  21 JAN 2024 20:09
entering extended mode
 restricted \write18 enabled.
 %&-line parsing enabled.
**AnabolicStatistics.tex
(./AnabolicStatistics.tex
LaTeX2e <2023-11-01> patch level 1
L3 programming layer <2024-01-04>
(c:/texlive/2023/texmf-dist/tex/latex/base/article.cls
Document Class: article 2023/05/17 v1.4n Standard LaTeX document class
(c:/texlive/2023/texmf-dist/tex/latex/base/size10.clo
File: size10.clo 2023/05/17 v1.4n Standard LaTeX file (size option)
)
\c@part=\count187
\c@section=\count188
\c@subsection=\count189
\c@subsubsection=\count190
\c@paragraph=\count191
\c@subparagraph=\count192
\c@figure=\count193
\c@table=\count194
\abovecaptionskip=\skip48
\belowcaptionskip=\skip49
\bibindent=\dimen140
) (c:/texlive/2023/texmf-dist/tex/latex/amsmath/amsmath.sty
Package: amsmath 2023/05/13 v2.17o AMS math features
\@mathmargin=\skip50
For additional information on amsmath, use the `?' option.
(c:/texlive/2023/texmf-dist/tex/latex/amsmath/amstext.sty
Package: amstext 2021/08/26 v2.01 AMS text
(c:/texlive/2023/texmf-dist/tex/latex/amsmath/amsgen.sty
File: amsgen.sty 1999/11/30 v2.0 generic functions
\@emptytoks=\toks17
\ex@=\dimen141
)) (c:/texlive/2023/texmf-dist/tex/latex/amsmath/amsbsy.sty
Package: amsbsy 1999/11/29 v1.2d Bold Symbols
\pmbraise@=\dimen142
) (c:/texlive/2023/texmf-dist/tex/latex/amsmath/amsopn.sty
Package: amsopn 2022/04/08 v2.04 operator names
)
\inf@bad=\count195
LaTeX Info: Redefining \frac on input line 234.
\uproot@=\count196
\leftroot@=\count197
LaTeX Info: Redefining \overline on input line 399.
LaTeX Info: Redefining \colon on input line 410.
\classnum@=\count198
\DOTSCASE@=\count199
LaTeX Info: Redefining \ldots on input line 496.
LaTeX Info: Redefining \dots on input line 499.
LaTeX Info: Redefining \cdots on input line 620.
\Mathstrutbox@=\box51
\strutbox@=\box52
LaTeX Info: Redefining \big on input line 722.
LaTeX Info: Redefining \Big on input line 723.
LaTeX Info: Redefining \bigg on input line 724.
LaTeX Info: Redefining \Bigg on input line 725.
\big@size=\dimen143
LaTeX Font Info:    Redeclaring font encoding OML on input line 743.
LaTeX Font Info:    Redeclaring font encoding OMS on input line 744.
\macc@depth=\count266
LaTeX Info: Redefining \bmod on input line 905.
LaTeX Info: Redefining \pmod on input line 910.
LaTeX Info: Redefining \smash on input line 940.
LaTeX Info: Redefining \relbar on input line 970.
LaTeX Info: Redefining \Relbar on input line 971.
\c@MaxMatrixCols=\count267
\dotsspace@=\muskip16
\c@parentequation=\count268
\dspbrk@lvl=\count269
\tag@help=\toks18
\row@=\count270
\column@=\count271
\maxfields@=\count272
\andhelp@=\toks19
\eqnshift@=\dimen144
\alignsep@=\dimen145
\tagshift@=\dimen146
\tagwidth@=\dimen147
\totwidth@=\dimen148
\lineht@=\dimen149
\@envbody=\toks20
\multlinegap=\skip51
\multlinetaggap=\skip52
\mathdisplay@stack=\toks21
LaTeX Info: Redefining \[ on input line 2953.
LaTeX Info: Redefining \] on input line 2954.
) (c:/texlive/2023/texmf-dist/tex/latex/amsfonts/amssymb.sty
Package: amssymb 2013/01/14 v3.01 AMS font symbols
(c:/texlive/2023/texmf-dist/tex/latex/amsfonts/amsfonts.sty
Package: amsfonts 2013/01/14 v3.01 Basic AMSFonts support
\symAMSa=\mathgroup4
\symAMSb=\mathgroup5
LaTeX Font Info:    Redeclaring math symbol \hbar on input line 98.
LaTeX Font Info:    Overwriting math alphabet `\mathfrak' in version `bold'
(Font)                  U/euf/m/n --> U/euf/b/n on input line 106.
)) (c:/texlive/2023/texmf-dist/tex/generic/iftex/iftex.sty
Package: iftex 2022/02/03 v1.0f TeX engine tests
) (c:/texlive/2023/texmf-dist/tex/latex/base/fontenc.sty
Package: fontenc 2021/04/29 v2.0v Standard LaTeX package
) (c:/texlive/2023/texmf-dist/tex/latex/base/inputenc.sty
Package: inputenc 2021/02/14 v1.3d Input encoding file
\inpenc@prehook=\toks22
\inpenc@posthook=\toks23
) (c:/texlive/2023/texmf-dist/tex/latex/base/textcomp.sty
Package: textcomp 2020/02/02 v2.0n Standard LaTeX package
) (c:/texlive/2023/texmf-dist/tex/latex/lm/lmodern.sty
Package: lmodern 2015/05/01 v1.6.1 Latin Modern Fonts
LaTeX Font Info:    Overwriting symbol font `operators' in version `normal'
(Font)                  OT1/cmr/m/n --> OT1/lmr/m/n on input line 22.
LaTeX Font Info:    Overwriting symbol font `letters' in version `normal'
(Font)                  OML/cmm/m/it --> OML/lmm/m/it on input line 23.
LaTeX Font Info:    Overwriting symbol font `symbols' in version `normal'
(Font)                  OMS/cmsy/m/n --> OMS/lmsy/m/n on input line 24.
LaTeX Font Info:    Overwriting symbol font `largesymbols' in version `normal'
(Font)                  OMX/cmex/m/n --> OMX/lmex/m/n on input line 25.
LaTeX Font Info:    Overwriting symbol font `operators' in version `bold'
(Font)                  OT1/cmr/bx/n --> OT1/lmr/bx/n on input line 26.
LaTeX Font Info:    Overwriting symbol font `letters' in version `bold'
(Font)                  OML/cmm/b/it --> OML/lmm/b/it on input line 27.
LaTeX Font Info:    Overwriting symbol font `symbols' in version `bold'
(Font)                  OMS/cmsy/b/n --> OMS/lmsy/b/n on input line 28.
LaTeX Font Info:    Overwriting symbol font `largesymbols' in version `bold'
(Font)                  OMX/cmex/m/n --> OMX/lmex/m/n on input line 29.
LaTeX Font Info:    Overwriting math alphabet `\mathbf' in version `normal'
(Font)                  OT1/cmr/bx/n --> OT1/lmr/bx/n on input line 31.
LaTeX Font Info:    Overwriting math alphabet `\mathsf' in version `normal'
(Font)                  OT1/cmss/m/n --> OT1/lmss/m/n on input line 32.
LaTeX Font Info:    Overwriting math alphabet `\mathit' in version `normal'
(Font)                  OT1/cmr/m/it --> OT1/lmr/m/it on input line 33.
LaTeX Font Info:    Overwriting math alphabet `\mathtt' in version `normal'
(Font)                  OT1/cmtt/m/n --> OT1/lmtt/m/n on input line 34.
LaTeX Font Info:    Overwriting math alphabet `\mathbf' in version `bold'
(Font)                  OT1/cmr/bx/n --> OT1/lmr/bx/n on input line 35.
LaTeX Font Info:    Overwriting math alphabet `\mathsf' in version `bold'
(Font)                  OT1/cmss/bx/n --> OT1/lmss/bx/n on input line 36.
LaTeX Font Info:    Overwriting math alphabet `\mathit' in version `bold'
(Font)                  OT1/cmr/bx/it --> OT1/lmr/bx/it on input line 37.
LaTeX Font Info:    Overwriting math alphabet `\mathtt' in version `bold'
(Font)                  OT1/cmtt/m/n --> OT1/lmtt/m/n on input line 38.
) (c:/texlive/2023/texmf-dist/tex/latex/upquote/upquote.sty
Package: upquote 2012/04/19 v1.3 upright-quote and grave-accent glyphs in verba
tim
) (c:/texlive/2023/texmf-dist/tex/latex/microtype/microtype.sty
Package: microtype 2023/03/13 v3.1a Micro-typographical refinements (RS)
(c:/texlive/2023/texmf-dist/tex/latex/graphics/keyval.sty
Package: keyval 2022/05/29 v1.15 key=value parser (DPC)
\KV@toks@=\toks24
) (c:/texlive/2023/texmf-dist/tex/latex/etoolbox/etoolbox.sty
Package: etoolbox 2020/10/05 v2.5k e-TeX tools for LaTeX (JAW)
\etb@tempcnta=\count273
)
\MT@toks=\toks25
\MT@tempbox=\box53
\MT@count=\count274
LaTeX Info: Redefining \noprotrusionifhmode on input line 1059.
LaTeX Info: Redefining \leftprotrusion on input line 1060.
\MT@prot@toks=\toks26
LaTeX Info: Redefining \rightprotrusion on input line 1078.
LaTeX Info: Redefining \textls on input line 1368.
\MT@outer@kern=\dimen150
LaTeX Info: Redefining \textmicrotypecontext on input line 1988.
\MT@listname@count=\count275
(c:/texlive/2023/texmf-dist/tex/latex/microtype/microtype-pdftex.def
File: microtype-pdftex.def 2023/03/13 v3.1a Definitions specific to pdftex (RS)

LaTeX Info: Redefining \lsstyle on input line 902.
LaTeX Info: Redefining \lslig on input line 902.
\MT@outer@space=\skip53
)
Package microtype Info: Loading configuration file microtype.cfg.
(c:/texlive/2023/texmf-dist/tex/latex/microtype/microtype.cfg
File: microtype.cfg 2023/03/13 v3.1a microtype main configuration file (RS)
)) (c:/texlive/2023/texmf-dist/tex/latex/parskip/parskip.sty
Package: parskip 2021-03-14 v2.0h non-zero parskip adjustments
(c:/texlive/2023/texmf-dist/tex/latex/kvoptions/kvoptions.sty
Package: kvoptions 2022-06-15 v3.15 Key value format for package options (HO)
(c:/texlive/2023/texmf-dist/tex/generic/ltxcmds/ltxcmds.sty
Package: ltxcmds 2023-12-04 v1.26 LaTeX kernel commands for general use (HO)
) (c:/texlive/2023/texmf-dist/tex/latex/kvsetkeys/kvsetkeys.sty
Package: kvsetkeys 2022-10-05 v1.19 Key value parser (HO)
))) (c:/texlive/2023/texmf-dist/tex/latex/xcolor/xcolor.sty
Package: xcolor 2023/11/15 v3.01 LaTeX color extensions (UK)
(c:/texlive/2023/texmf-dist/tex/latex/graphics-cfg/color.cfg
File: color.cfg 2016/01/02 v1.6 sample color configuration
)
Package xcolor Info: Driver file: pdftex.def on input line 274.
(c:/texlive/2023/texmf-dist/tex/latex/graphics-def/pdftex.def
File: pdftex.def 2022/09/22 v1.2b Graphics/color driver for pdftex
) (c:/texlive/2023/texmf-dist/tex/latex/graphics/mathcolor.ltx)
Package xcolor Info: Model `cmy' substituted by `cmy0' on input line 1350.
Package xcolor Info: Model `hsb' substituted by `rgb' on input line 1354.
Package xcolor Info: Model `RGB' extended on input line 1366.
Package xcolor Info: Model `HTML' substituted by `rgb' on input line 1368.
Package xcolor Info: Model `Hsb' substituted by `hsb' on input line 1369.
Package xcolor Info: Model `tHsb' substituted by `hsb' on input line 1370.
Package xcolor Info: Model `HSB' substituted by `hsb' on input line 1371.
Package xcolor Info: Model `Gray' substituted by `gray' on input line 1372.
Package xcolor Info: Model `wave' substituted by `hsb' on input line 1373.
) (c:/texlive/2023/texmf-dist/tex/latex/geometry/geometry.sty
Package: geometry 2020/01/02 v5.9 Page Geometry
(c:/texlive/2023/texmf-dist/tex/generic/iftex/ifvtex.sty
Package: ifvtex 2019/10/25 v1.7 ifvtex legacy package. Use iftex instead.
)
\Gm@cnth=\count276
\Gm@cntv=\count277
\c@Gm@tempcnt=\count278
\Gm@bindingoffset=\dimen151
\Gm@wd@mp=\dimen152
\Gm@odd@mp=\dimen153
\Gm@even@mp=\dimen154
\Gm@layoutwidth=\dimen155
\Gm@layoutheight=\dimen156
\Gm@layouthoffset=\dimen157
\Gm@layoutvoffset=\dimen158
\Gm@dimlist=\toks27
) (c:/texlive/2023/texmf-dist/tex/latex/fancyvrb/fancyvrb.sty
Package: fancyvrb 2023/11/06 4.5b verbatim text (tvz,hv)
\FV@CodeLineNo=\count279
\FV@InFile=\read2
\FV@TabBox=\box54
\c@FancyVerbLine=\count280
\FV@StepNumber=\count281
\FV@OutFile=\write3
) (c:/texlive/2023/texmf-dist/tex/latex/framed/framed.sty
Package: framed 2011/10/22 v 0.96: framed or shaded text with page breaks
\OuterFrameSep=\skip54
\fb@frw=\dimen159
\fb@frh=\dimen160
\FrameRule=\dimen161
\FrameSep=\dimen162
) (c:/texlive/2023/texmf-dist/tex/latex/graphics/graphicx.sty
Package: graphicx 2021/09/16 v1.2d Enhanced LaTeX Graphics (DPC,SPQR)
(c:/texlive/2023/texmf-dist/tex/latex/graphics/graphics.sty
Package: graphics 2022/03/10 v1.4e Standard LaTeX Graphics (DPC,SPQR)
(c:/texlive/2023/texmf-dist/tex/latex/graphics/trig.sty
Package: trig 2021/08/11 v1.11 sin cos tan (DPC)
) (c:/texlive/2023/texmf-dist/tex/latex/graphics-cfg/graphics.cfg
File: graphics.cfg 2016/06/04 v1.11 sample graphics configuration
)
Package graphics Info: Driver file: pdftex.def on input line 107.
)
\Gin@req@height=\dimen163
\Gin@req@width=\dimen164
) (c:/texlive/2023/texmf-dist/tex/latex/bookmark/bookmark.sty
Package: bookmark 2023-12-10 v1.31 PDF bookmarks (HO)
(c:/texlive/2023/texmf-dist/tex/latex/hyperref/hyperref.sty
Package: hyperref 2023-11-26 v7.01g Hypertext links for LaTeX
(c:/texlive/2023/texmf-dist/tex/generic/infwarerr/infwarerr.sty
Package: infwarerr 2019/12/03 v1.5 Providing info/warning/error messages (HO)
) (c:/texlive/2023/texmf-dist/tex/generic/kvdefinekeys/kvdefinekeys.sty
Package: kvdefinekeys 2019-12-19 v1.6 Define keys (HO)
) (c:/texlive/2023/texmf-dist/tex/generic/pdfescape/pdfescape.sty
Package: pdfescape 2019/12/09 v1.15 Implements pdfTeX's escape features (HO)
(c:/texlive/2023/texmf-dist/tex/generic/pdftexcmds/pdftexcmds.sty
Package: pdftexcmds 2020-06-27 v0.33 Utility functions of pdfTeX for LuaTeX (HO
)
Package pdftexcmds Info: \pdf@primitive is available.
Package pdftexcmds Info: \pdf@ifprimitive is available.
Package pdftexcmds Info: \pdfdraftmode found.
)) (c:/texlive/2023/texmf-dist/tex/latex/hycolor/hycolor.sty
Package: hycolor 2020-01-27 v1.10 Color options for hyperref/bookmark (HO)
) (c:/texlive/2023/texmf-dist/tex/latex/letltxmacro/letltxmacro.sty
Package: letltxmacro 2019/12/03 v1.6 Let assignment for LaTeX macros (HO)
) (c:/texlive/2023/texmf-dist/tex/latex/auxhook/auxhook.sty
Package: auxhook 2019-12-17 v1.6 Hooks for auxiliary files (HO)
) (c:/texlive/2023/texmf-dist/tex/latex/hyperref/nameref.sty
Package: nameref 2023-11-26 v2.56 Cross-referencing by name of section
(c:/texlive/2023/texmf-dist/tex/latex/refcount/refcount.sty
Package: refcount 2019/12/15 v3.6 Data extraction from label references (HO)
) (c:/texlive/2023/texmf-dist/tex/generic/gettitlestring/gettitlestring.sty
Package: gettitlestring 2019/12/15 v1.6 Cleanup title references (HO)
)
\c@section@level=\count282
)
\@linkdim=\dimen165
\Hy@linkcounter=\count283
\Hy@pagecounter=\count284
(c:/texlive/2023/texmf-dist/tex/latex/hyperref/pd1enc.def
File: pd1enc.def 2023-11-26 v7.01g Hyperref: PDFDocEncoding definition (HO)
Now handling font encoding PD1 ...
... no UTF-8 mapping file for font encoding PD1
) (c:/texlive/2023/texmf-dist/tex/generic/intcalc/intcalc.sty
Package: intcalc 2019/12/15 v1.3 Expandable calculations with integers (HO)
)
\Hy@SavedSpaceFactor=\count285
(c:/texlive/2023/texmf-dist/tex/latex/hyperref/puenc.def
File: puenc.def 2023-11-26 v7.01g Hyperref: PDF Unicode definition (HO)
Now handling font encoding PU ...
... no UTF-8 mapping file for font encoding PU
)
Package hyperref Info: Option `unicode' set `true' on input line 4064.
Package hyperref Info: Hyper figures OFF on input line 4181.
Package hyperref Info: Link nesting OFF on input line 4186.
Package hyperref Info: Hyper index ON on input line 4189.
Package hyperref Info: Plain pages OFF on input line 4196.
Package hyperref Info: Backreferencing OFF on input line 4201.
Package hyperref Info: Implicit mode ON; LaTeX internals redefined.
Package hyperref Info: Bookmarks ON on input line 4448.
\c@Hy@tempcnt=\count286
(c:/texlive/2023/texmf-dist/tex/latex/url/url.sty
\Urlmuskip=\muskip17
Package: url 2013/09/16  ver 3.4  Verb mode for urls, etc.
)
LaTeX Info: Redefining \url on input line 4786.
\XeTeXLinkMargin=\dimen166
(c:/texlive/2023/texmf-dist/tex/generic/bitset/bitset.sty
Package: bitset 2019/12/09 v1.3 Handle bit-vector datatype (HO)
(c:/texlive/2023/texmf-dist/tex/generic/bigintcalc/bigintcalc.sty
Package: bigintcalc 2019/12/15 v1.5 Expandable calculations on big integers (HO
)
))
\Fld@menulength=\count287
\Field@Width=\dimen167
\Fld@charsize=\dimen168
Package hyperref Info: Hyper figures OFF on input line 6065.
Package hyperref Info: Link nesting OFF on input line 6070.
Package hyperref Info: Hyper index ON on input line 6073.
Package hyperref Info: backreferencing OFF on input line 6080.
Package hyperref Info: Link coloring OFF on input line 6085.
Package hyperref Info: Link coloring with OCG OFF on input line 6090.
Package hyperref Info: PDF/A mode OFF on input line 6095.
(c:/texlive/2023/texmf-dist/tex/latex/base/atbegshi-ltx.sty
Package: atbegshi-ltx 2021/01/10 v1.0c Emulation of the original atbegshi
package with kernel methods
)
\Hy@abspage=\count288
\c@Item=\count289
\c@Hfootnote=\count290
)
Package hyperref Info: Driver (autodetected): hpdftex.
(c:/texlive/2023/texmf-dist/tex/latex/hyperref/hpdftex.def
File: hpdftex.def 2023-11-26 v7.01g Hyperref driver for pdfTeX
(c:/texlive/2023/texmf-dist/tex/latex/base/atveryend-ltx.sty
Package: atveryend-ltx 2020/08/19 v1.0a Emulation of the original atveryend pac
kage
with kernel methods
)
\Fld@listcount=\count291
\c@bookmark@seq@number=\count292
(c:/texlive/2023/texmf-dist/tex/latex/rerunfilecheck/rerunfilecheck.sty
Package: rerunfilecheck 2022-07-10 v1.10 Rerun checks for auxiliary files (HO)
(c:/texlive/2023/texmf-dist/tex/generic/uniquecounter/uniquecounter.sty
Package: uniquecounter 2019/12/15 v1.4 Provide unlimited unique counter (HO)
)
Package uniquecounter Info: New unique counter `rerunfilecheck' on input line 2
85.
)
\Hy@SectionHShift=\skip55
) (c:/texlive/2023/texmf-dist/tex/latex/bookmark/bkm-pdftex.def
File: bkm-pdftex.def 2023-12-10 v1.31 bookmark driver for pdfTeX and luaTeX (HO
)
\BKM@id=\count293
)) (c:/texlive/2023/texmf-dist/tex/latex/xurl/xurl.sty
Package: xurl 2022/01/09 v 0.10 modify URL breaks
)
LaTeX Font Info:    Trying to load font information for T1+lmr on input line 11
3.
(c:/texlive/2023/texmf-dist/tex/latex/lm/t1lmr.fd
File: t1lmr.fd 2015/05/01 v1.6.1 Font defs for Latin Modern
) (c:/texlive/2023/texmf-dist/tex/latex/l3backend/l3backend-pdftex.def
File: l3backend-pdftex.def 2024-01-04 L3 backend support: PDF output (pdfTeX)
\l__color_backend_stack_int=\count294
\l__pdf_internal_box=\box55
) (./AnabolicStatistics.aux)
\openout1 = `AnabolicStatistics.aux'.

LaTeX Font Info:    Checking defaults for OML/cmm/m/it on input line 113.
LaTeX Font Info:    ... okay on input line 113.
LaTeX Font Info:    Checking defaults for OMS/cmsy/m/n on input line 113.
LaTeX Font Info:    ... okay on input line 113.
LaTeX Font Info:    Checking defaults for OT1/cmr/m/n on input line 113.
LaTeX Font Info:    ... okay on input line 113.
LaTeX Font Info:    Checking defaults for T1/cmr/m/n on input line 113.
LaTeX Font Info:    ... okay on input line 113.
LaTeX Font Info:    Checking defaults for TS1/cmr/m/n on input line 113.
LaTeX Font Info:    ... okay on input line 113.
LaTeX Font Info:    Checking defaults for OMX/cmex/m/n on input line 113.
LaTeX Font Info:    ... okay on input line 113.
LaTeX Font Info:    Checking defaults for U/cmr/m/n on input line 113.
LaTeX Font Info:    ... okay on input line 113.
LaTeX Font Info:    Checking defaults for PD1/pdf/m/n on input line 113.
LaTeX Font Info:    ... okay on input line 113.
LaTeX Font Info:    Checking defaults for PU/pdf/m/n on input line 113.
LaTeX Font Info:    ... okay on input line 113.
LaTeX Info: Redefining \microtypecontext on input line 113.
Package microtype Info: Applying patch `item' on input line 113.
Package microtype Info: Applying patch `toc' on input line 113.
Package microtype Info: Applying patch `eqnum' on input line 113.
Package microtype Info: Applying patch `footnote' on input line 113.
Package microtype Info: Applying patch `verbatim' on input line 113.
Package microtype Info: Generating PDF output.
Package microtype Info: Character protrusion enabled (level 2).
Package microtype Info: Using protrusion set `basicmath'.
Package microtype Info: Automatic font expansion enabled (level 2),
(microtype)             stretch: 20, shrink: 20, step: 1, non-selected.
Package microtype Info: Using default expansion set `alltext-nott'.
LaTeX Info: Redefining \showhyphens on input line 113.
Package microtype Info: No adjustment of tracking.
Package microtype Info: No adjustment of interword spacing.
Package microtype Info: No adjustment of character kerning.
(c:/texlive/2023/texmf-dist/tex/latex/microtype/mt-cmr.cfg
File: mt-cmr.cfg 2013/05/19 v2.2 microtype config. file: Computer Modern Roman 
(RS)
) (c:/texlive/2023/texmf-dist/tex/context/base/mkii/supp-pdf.mkii
[Loading MPS to PDF converter (version 2006.09.02).]
\scratchcounter=\count295
\scratchdimen=\dimen169
\scratchbox=\box56
\nofMPsegments=\count296
\nofMParguments=\count297
\everyMPshowfont=\toks28
\MPscratchCnt=\count298
\MPscratchDim=\dimen170
\MPnumerator=\count299
\makeMPintoPDFobject=\count300
\everyMPtoPDFconversion=\toks29
) (c:/texlive/2023/texmf-dist/tex/latex/epstopdf-pkg/epstopdf-base.sty
Package: epstopdf-base 2020-01-24 v2.11 Base part for package epstopdf
Package epstopdf-base Info: Redefining graphics rule for `.eps' on input line 4
85.
(c:/texlive/2023/texmf-dist/tex/latex/latexconfig/epstopdf-sys.cfg
File: epstopdf-sys.cfg 2010/07/13 v1.3 Configuration of (r)epstopdf for TeX Liv
e
))
*geometry* driver: auto-detecting
*geometry* detected driver: pdftex
*geometry* verbose mode - [ preamble ] result:
* driver: pdftex
* paper: <default>
* layout: <same size as paper>
* layoutoffset:(h,v)=(0.0pt,0.0pt)
* modes: 
* h-part:(L,W,R)=(72.26999pt, 469.75502pt, 72.26999pt)
* v-part:(T,H,B)=(72.26999pt, 650.43001pt, 72.26999pt)
* \paperwidth=614.295pt
* \paperheight=794.96999pt
* \textwidth=469.75502pt
* \textheight=650.43001pt
* \oddsidemargin=0.0pt
* \evensidemargin=0.0pt
* \topmargin=-37.0pt
* \headheight=12.0pt
* \headsep=25.0pt
* \topskip=10.0pt
* \footskip=30.0pt
* \marginparwidth=65.0pt
* \marginparsep=11.0pt
* \columnsep=10.0pt
* \skip\footins=9.0pt plus 4.0pt minus 2.0pt
* \hoffset=0.0pt
* \voffset=0.0pt
* \mag=1000
* \@twocolumnfalse
* \@twosidefalse
* \@mparswitchfalse
* \@reversemarginfalse
* (1in=72.27pt=25.4mm, 1cm=28.453pt)

Package hyperref Info: Link coloring OFF on input line 113.
LaTeX Font Info:    Trying to load font information for OT1+lmr on input line 1
15.
(c:/texlive/2023/texmf-dist/tex/latex/lm/ot1lmr.fd
File: ot1lmr.fd 2015/05/01 v1.6.1 Font defs for Latin Modern
)
LaTeX Font Info:    Trying to load font information for OML+lmm on input line 1
15.
(c:/texlive/2023/texmf-dist/tex/latex/lm/omllmm.fd
File: omllmm.fd 2015/05/01 v1.6.1 Font defs for Latin Modern
)
LaTeX Font Info:    Trying to load font information for OMS+lmsy on input line 
115.
(c:/texlive/2023/texmf-dist/tex/latex/lm/omslmsy.fd
File: omslmsy.fd 2015/05/01 v1.6.1 Font defs for Latin Modern
)
LaTeX Font Info:    Trying to load font information for OMX+lmex on input line 
115.
(c:/texlive/2023/texmf-dist/tex/latex/lm/omxlmex.fd
File: omxlmex.fd 2015/05/01 v1.6.1 Font defs for Latin Modern
)
LaTeX Font Info:    External font `lmex10' loaded for size
(Font)              <12> on input line 115.
LaTeX Font Info:    External font `lmex10' loaded for size
(Font)              <8> on input line 115.
LaTeX Font Info:    External font `lmex10' loaded for size
(Font)              <6> on input line 115.
LaTeX Font Info:    Trying to load font information for U+msa on input line 115
.
(c:/texlive/2023/texmf-dist/tex/latex/amsfonts/umsa.fd
File: umsa.fd 2013/01/14 v3.01 AMS symbols A
) (c:/texlive/2023/texmf-dist/tex/latex/microtype/mt-msa.cfg
File: mt-msa.cfg 2006/02/04 v1.1 microtype config. file: AMS symbols (a) (RS)
)
LaTeX Font Info:    Trying to load font information for U+msb on input line 115
.
(c:/texlive/2023/texmf-dist/tex/latex/amsfonts/umsb.fd
File: umsb.fd 2013/01/14 v3.01 AMS symbols B
) (c:/texlive/2023/texmf-dist/tex/latex/microtype/mt-msb.cfg
File: mt-msb.cfg 2005/06/01 v1.0 microtype config. file: AMS symbols (b) (RS)
)
LaTeX Font Info:    Trying to load font information for T1+lmtt on input line 1
54.
(c:/texlive/2023/texmf-dist/tex/latex/lm/t1lmtt.fd
File: t1lmtt.fd 2015/05/01 v1.6.1 Font defs for Latin Modern
)
LaTeX Font Info:    Font shape `T1/lmtt/bx/n' in size <10> not available
(Font)              Font shape `T1/lmtt/b/n' tried instead on input line 155.
LaTeX Font Info:    Trying to load font information for TS1+lmtt on input line 
155.
(c:/texlive/2023/texmf-dist/tex/latex/lm/ts1lmtt.fd
File: ts1lmtt.fd 2015/05/01 v1.6.1 Font defs for Latin Modern
) [1

{c:/texlive/2023/texmf-var/fonts/map/pdftex/updmap/pdftex.map}{c:/texlive/2023/
texmf-dist/fonts/enc/dvips/lm/lm-ec.enc}{c:/texlive/2023/texmf-dist/fonts/enc/d
vips/lm/lm-ts1.enc}]
<AnabolicStatistics_files/figure-latex/unnamed-chunk-2-1.pdf, id=26, 361.35pt x
 252.945pt>
File: AnabolicStatistics_files/figure-latex/unnamed-chunk-2-1.pdf Graphic file 
(type pdf)
<use AnabolicStatistics_files/figure-latex/unnamed-chunk-2-1.pdf>
Package pdftex.def Info: AnabolicStatistics_files/figure-latex/unnamed-chunk-2-
1.pdf  used on input line 209.
(pdftex.def)             Requested size: 361.34912pt x 252.94438pt.
<AnabolicStatistics_files/figure-latex/unnamed-chunk-2-2.pdf, id=27, 361.35pt x
 252.945pt>
File: AnabolicStatistics_files/figure-latex/unnamed-chunk-2-2.pdf Graphic file 
(type pdf)
<use AnabolicStatistics_files/figure-latex/unnamed-chunk-2-2.pdf>
Package pdftex.def Info: AnabolicStatistics_files/figure-latex/unnamed-chunk-2-
2.pdf  used on input line 217.
(pdftex.def)             Requested size: 361.34912pt x 252.94438pt.
[2 <./AnabolicStatistics_files/figure-latex/unnamed-chunk-2-1.pdf>]
<AnabolicStatistics_files/figure-latex/unnamed-chunk-2-3.pdf, id=41, 361.35pt x
 252.945pt>
File: AnabolicStatistics_files/figure-latex/unnamed-chunk-2-3.pdf Graphic file 
(type pdf)
<use AnabolicStatistics_files/figure-latex/unnamed-chunk-2-3.pdf>
Package pdftex.def Info: AnabolicStatistics_files/figure-latex/unnamed-chunk-2-
3.pdf  used on input line 225.
(pdftex.def)             Requested size: 361.34912pt x 252.94438pt.
[3 <./AnabolicStatistics_files/figure-latex/unnamed-chunk-2-2.pdf> <./AnabolicS
tatistics_files/figure-latex/unnamed-chunk-2-3.pdf>]
<AnabolicStatistics_files/figure-latex/unnamed-chunk-3-1.pdf, id=58, 361.35pt x
 252.945pt>
File: AnabolicStatistics_files/figure-latex/unnamed-chunk-3-1.pdf Graphic file 
(type pdf)
<use AnabolicStatistics_files/figure-latex/unnamed-chunk-3-1.pdf>
Package pdftex.def Info: AnabolicStatistics_files/figure-latex/unnamed-chunk-3-
1.pdf  used on input line 270.
(pdftex.def)             Requested size: 361.34912pt x 252.94438pt.
<AnabolicStatistics_files/figure-latex/unnamed-chunk-3-2.pdf, id=59, 361.35pt x
 252.945pt>
File: AnabolicStatistics_files/figure-latex/unnamed-chunk-3-2.pdf Graphic file 
(type pdf)
<use AnabolicStatistics_files/figure-latex/unnamed-chunk-3-2.pdf>
Package pdftex.def Info: AnabolicStatistics_files/figure-latex/unnamed-chunk-3-
2.pdf  used on input line 280.
(pdftex.def)             Requested size: 361.34912pt x 252.94438pt.
[4 <./AnabolicStatistics_files/figure-latex/unnamed-chunk-3-1.pdf>]
<AnabolicStatistics_files/figure-latex/unnamed-chunk-3-3.pdf, id=72, 361.35pt x
 252.945pt>
File: AnabolicStatistics_files/figure-latex/unnamed-chunk-3-3.pdf Graphic file 
(type pdf)
<use AnabolicStatistics_files/figure-latex/unnamed-chunk-3-3.pdf>
Package pdftex.def Info: AnabolicStatistics_files/figure-latex/unnamed-chunk-3-
3.pdf  used on input line 290.
(pdftex.def)             Requested size: 361.34912pt x 252.94438pt.

Underfull \vbox (badness 2119) detected at line 311
 []

[5 <./AnabolicStatistics_files/figure-latex/unnamed-chunk-3-2.pdf> <./AnabolicS
tatistics_files/figure-latex/unnamed-chunk-3-3.pdf>] [6]
LaTeX Font Info:    External font `lmex10' loaded for size
(Font)              <10> on input line 407.
LaTeX Font Info:    External font `lmex10' loaded for size
(Font)              <7> on input line 407.
LaTeX Font Info:    External font `lmex10' loaded for size
(Font)              <5> on input line 407.

LaTeX Warning: Command \v invalid in math mode on input line 407.


LaTeX Warning: Command \v invalid in math mode on input line 407.


LaTeX Warning: Command \dj invalid in math mode on input line 407.


LaTeX Warning: Command \v invalid in math mode on input line 409.


LaTeX Warning: Command \v invalid in math mode on input line 409.


LaTeX Warning: Command \dj invalid in math mode on input line 409.


Overfull \hbox (169.53247pt too wide) detected at line 409
\OML/lmm/m/it/10 H\OT1/lmr/m/n/10 0 :  \OML/lmm/m/it/10 Nema statisti\OT1/lmr/m
/n/10 £\OML/lmm/m/it/10 ki zna\OT1/lmr/m/n/10 £\OML/lmm/m/it/10 ajnih razlika u
 varijancama izme\OT1/lmr/m/n/10 ž\OML/lmm/m/it/10 u grupa:[] H\OT1/lmr/m/n/10 
1 :  \OML/lmm/m/it/10 Postoje statisti\OT1/lmr/m/n/10 £\OML/lmm/m/it/10 ki zna\
OT1/lmr/m/n/10 £\OML/lmm/m/it/10 ajne razlike u varijancama izme\OT1/lmr/m/n/10
 ž\OML/lmm/m/it/10 u grupa:
 []

<AnabolicStatistics_files/figure-latex/unnamed-chunk-4-1.pdf, id=99, 361.35pt x
 252.945pt>
File: AnabolicStatistics_files/figure-latex/unnamed-chunk-4-1.pdf Graphic file 
(type pdf)
<use AnabolicStatistics_files/figure-latex/unnamed-chunk-4-1.pdf>
Package pdftex.def Info: AnabolicStatistics_files/figure-latex/unnamed-chunk-4-
1.pdf  used on input line 432.
(pdftex.def)             Requested size: 361.34912pt x 252.94438pt.
[7{c:/texlive/2023/texmf-dist/fonts/enc/dvips/lm/lm-mathit.enc}{c:/texlive/2023
/texmf-dist/fonts/enc/dvips/lm/lm-rm.enc} <./AnabolicStatistics_files/figure-la
tex/unnamed-chunk-4-1.pdf>] [8]

LaTeX Warning: Command \v invalid in math mode on input line 548.


LaTeX Warning: Command \v invalid in math mode on input line 548.


LaTeX Warning: Command \dj invalid in math mode on input line 548.


LaTeX Warning: Command \v invalid in math mode on input line 548.


LaTeX Warning: Command \v invalid in math mode on input line 548.


LaTeX Warning: Command \dj invalid in math mode on input line 548.


Overfull \hbox (168.19862pt too wide) detected at line 548
\OML/lmm/m/it/10 H\OT1/lmr/m/n/10 0 : \OML/lmm/m/it/10 Nema statisti\OT1/lmr/m/
n/10 £\OML/lmm/m/it/10 ki zna\OT1/lmr/m/n/10 £\OML/lmm/m/it/10 ajnih razlika iz
me\OT1/lmr/m/n/10 ž\OML/lmm/m/it/10 u grupa:[] H\OT1/lmr/m/n/10 1 : \OML/lmm/m/
it/10 Postoji statisti\OT1/lmr/m/n/10 £\OML/lmm/m/it/10 ki zna\OT1/lmr/m/n/10 £
\OML/lmm/m/it/10 ajna razlika izme\OT1/lmr/m/n/10 ž\OML/lmm/m/it/10 u najmanje 
jedne od grupa u usporedbi:
 []


Overfull \hbox (123.49326pt too wide) in paragraph at lines 657--657
[]\T1/lmtt/m/n/10 ## data:  cardata$horsepower[cardata$drive.wheels == "fwd"] a
nd cardata$horsepower[cardata$drive.wheels == "rwd"][] 
 []

[9]
Overfull \hbox (123.49326pt too wide) in paragraph at lines 657--657
[]\T1/lmtt/m/n/10 ## data:  cardata$horsepower[cardata$drive.wheels == "rwd"] a
nd cardata$horsepower[cardata$drive.wheels == "4wd"][] 
 []


Overfull \hbox (123.49326pt too wide) in paragraph at lines 657--657
[]\T1/lmtt/m/n/10 ## data:  cardata$horsepower[cardata$drive.wheels == "fwd"] a
nd cardata$horsepower[cardata$drive.wheels == "4wd"][] 
 []

[10]
<AnabolicStatistics_files/figure-latex/unnamed-chunk-7-1.pdf, id=145, 361.35pt 
x 252.945pt>
File: AnabolicStatistics_files/figure-latex/unnamed-chunk-7-1.pdf Graphic file 
(type pdf)
<use AnabolicStatistics_files/figure-latex/unnamed-chunk-7-1.pdf>
Package pdftex.def Info: AnabolicStatistics_files/figure-latex/unnamed-chunk-7-
1.pdf  used on input line 726.
(pdftex.def)             Requested size: 361.34912pt x 252.94438pt.
[11 <./AnabolicStatistics_files/figure-latex/unnamed-chunk-7-1.pdf>]
<AnabolicStatistics_files/figure-latex/unnamed-chunk-7-2.pdf, id=159, 361.35pt 
x 252.945pt>
File: AnabolicStatistics_files/figure-latex/unnamed-chunk-7-2.pdf Graphic file 
(type pdf)
<use AnabolicStatistics_files/figure-latex/unnamed-chunk-7-2.pdf>
Package pdftex.def Info: AnabolicStatistics_files/figure-latex/unnamed-chunk-7-
2.pdf  used on input line 740.
(pdftex.def)             Requested size: 361.34912pt x 252.94438pt.
[12 <./AnabolicStatistics_files/figure-latex/unnamed-chunk-7-2.pdf>] [13]
<AnabolicStatistics_files/figure-latex/unnamed-chunk-9-1.pdf, id=183, 361.35pt 
x 252.945pt>
File: AnabolicStatistics_files/figure-latex/unnamed-chunk-9-1.pdf Graphic file 
(type pdf)
<use AnabolicStatistics_files/figure-latex/unnamed-chunk-9-1.pdf>
Package pdftex.def Info: AnabolicStatistics_files/figure-latex/unnamed-chunk-9-
1.pdf  used on input line 865.
(pdftex.def)             Requested size: 361.34912pt x 252.94438pt.
<AnabolicStatistics_files/figure-latex/unnamed-chunk-9-2.pdf, id=184, 361.35pt 
x 252.945pt>
File: AnabolicStatistics_files/figure-latex/unnamed-chunk-9-2.pdf Graphic file 
(type pdf)
<use AnabolicStatistics_files/figure-latex/unnamed-chunk-9-2.pdf>
Package pdftex.def Info: AnabolicStatistics_files/figure-latex/unnamed-chunk-9-
2.pdf  used on input line 873.
(pdftex.def)             Requested size: 361.34912pt x 252.94438pt.
[14 <./AnabolicStatistics_files/figure-latex/unnamed-chunk-9-1.pdf>]

LaTeX Warning: Command \v invalid in math mode on input line 901.

[15{c:/texlive/2023/texmf-dist/fonts/enc/dvips/lm/lm-mathsy.enc} <./AnabolicSta
tistics_files/figure-latex/unnamed-chunk-9-2.pdf>]
<AnabolicStatistics_files/figure-latex/unnamed-chunk-10-1.pdf, id=207, 252.945p
t x 216.81pt>
File: AnabolicStatistics_files/figure-latex/unnamed-chunk-10-1.pdf Graphic file
 (type pdf)
<use AnabolicStatistics_files/figure-latex/unnamed-chunk-10-1.pdf>
Package pdftex.def Info: AnabolicStatistics_files/figure-latex/unnamed-chunk-10
-1.pdf  used on input line 923.
(pdftex.def)             Requested size: 252.94823pt x 216.81276pt.
<AnabolicStatistics_files/figure-latex/unnamed-chunk-10-2.pdf, id=208, 252.945p
t x 216.81pt>
File: AnabolicStatistics_files/figure-latex/unnamed-chunk-10-2.pdf Graphic file
 (type pdf)
<use AnabolicStatistics_files/figure-latex/unnamed-chunk-10-2.pdf>
Package pdftex.def Info: AnabolicStatistics_files/figure-latex/unnamed-chunk-10
-2.pdf  used on input line 924.
(pdftex.def)             Requested size: 252.94823pt x 216.81276pt.
<AnabolicStatistics_files/figure-latex/unnamed-chunk-10-3.pdf, id=209, 252.945p
t x 216.81pt>
File: AnabolicStatistics_files/figure-latex/unnamed-chunk-10-3.pdf Graphic file
 (type pdf)
<use AnabolicStatistics_files/figure-latex/unnamed-chunk-10-3.pdf>
Package pdftex.def Info: AnabolicStatistics_files/figure-latex/unnamed-chunk-10
-3.pdf  used on input line 925.
(pdftex.def)             Requested size: 252.94823pt x 216.81276pt.
<AnabolicStatistics_files/figure-latex/unnamed-chunk-10-4.pdf, id=210, 252.945p
t x 216.81pt>
File: AnabolicStatistics_files/figure-latex/unnamed-chunk-10-4.pdf Graphic file
 (type pdf)
<use AnabolicStatistics_files/figure-latex/unnamed-chunk-10-4.pdf>
Package pdftex.def Info: AnabolicStatistics_files/figure-latex/unnamed-chunk-10
-4.pdf  used on input line 926.
(pdftex.def)             Requested size: 252.94823pt x 216.81276pt.
<AnabolicStatistics_files/figure-latex/unnamed-chunk-10-5.pdf, id=211, 252.945p
t x 216.81pt>
File: AnabolicStatistics_files/figure-latex/unnamed-chunk-10-5.pdf Graphic file
 (type pdf)
<use AnabolicStatistics_files/figure-latex/unnamed-chunk-10-5.pdf>
Package pdftex.def Info: AnabolicStatistics_files/figure-latex/unnamed-chunk-10
-5.pdf  used on input line 927.
(pdftex.def)             Requested size: 252.94823pt x 216.81276pt.
<AnabolicStatistics_files/figure-latex/unnamed-chunk-10-6.pdf, id=212, 252.945p
t x 216.81pt>
File: AnabolicStatistics_files/figure-latex/unnamed-chunk-10-6.pdf Graphic file
 (type pdf)
<use AnabolicStatistics_files/figure-latex/unnamed-chunk-10-6.pdf>
Package pdftex.def Info: AnabolicStatistics_files/figure-latex/unnamed-chunk-10
-6.pdf  used on input line 928.
(pdftex.def)             Requested size: 252.94823pt x 216.81276pt.

Overfull \hbox (38.36365pt too wide) in paragraph at lines 923--929
[][] []
 []


Overfull \hbox (38.36365pt too wide) in paragraph at lines 923--929
[] []
 []


Overfull \hbox (38.36365pt too wide) in paragraph at lines 923--929
[] [] 
 []

[16 <./AnabolicStatistics_files/figure-latex/unnamed-chunk-10-1.pdf> <./Anaboli
cStatistics_files/figure-latex/unnamed-chunk-10-2.pdf> <./AnabolicStatistics_fi
les/figure-latex/unnamed-chunk-10-3.pdf> <./AnabolicStatistics_files/figure-lat
ex/unnamed-chunk-10-4.pdf>] [17 <./AnabolicStatistics_files/figure-latex/unname
d-chunk-10-5.pdf> <./AnabolicStatistics_files/figure-latex/unnamed-chunk-10-6.p
df>]
<AnabolicStatistics_files/figure-latex/unnamed-chunk-11-1.pdf, id=257, 361.35pt
 x 252.945pt>
File: AnabolicStatistics_files/figure-latex/unnamed-chunk-11-1.pdf Graphic file
 (type pdf)
<use AnabolicStatistics_files/figure-latex/unnamed-chunk-11-1.pdf>
Package pdftex.def Info: AnabolicStatistics_files/figure-latex/unnamed-chunk-11
-1.pdf  used on input line 984.
(pdftex.def)             Requested size: 361.34912pt x 252.94438pt.
<AnabolicStatistics_files/figure-latex/unnamed-chunk-11-2.pdf, id=258, 361.35pt
 x 252.945pt>
File: AnabolicStatistics_files/figure-latex/unnamed-chunk-11-2.pdf Graphic file
 (type pdf)
<use AnabolicStatistics_files/figure-latex/unnamed-chunk-11-2.pdf>
Package pdftex.def Info: AnabolicStatistics_files/figure-latex/unnamed-chunk-11
-2.pdf  used on input line 993.
(pdftex.def)             Requested size: 361.34912pt x 252.94438pt.
[18 <./AnabolicStatistics_files/figure-latex/unnamed-chunk-11-1.pdf>]
<AnabolicStatistics_files/figure-latex/unnamed-chunk-11-3.pdf, id=269, 361.35pt
 x 252.945pt>
File: AnabolicStatistics_files/figure-latex/unnamed-chunk-11-3.pdf Graphic file
 (type pdf)
<use AnabolicStatistics_files/figure-latex/unnamed-chunk-11-3.pdf>
Package pdftex.def Info: AnabolicStatistics_files/figure-latex/unnamed-chunk-11
-3.pdf  used on input line 1002.
(pdftex.def)             Requested size: 361.34912pt x 252.94438pt.
<AnabolicStatistics_files/figure-latex/unnamed-chunk-11-4.pdf, id=270, 361.35pt
 x 252.945pt>
File: AnabolicStatistics_files/figure-latex/unnamed-chunk-11-4.pdf Graphic file
 (type pdf)
<use AnabolicStatistics_files/figure-latex/unnamed-chunk-11-4.pdf>
Package pdftex.def Info: AnabolicStatistics_files/figure-latex/unnamed-chunk-11
-4.pdf  used on input line 1011.
(pdftex.def)             Requested size: 361.34912pt x 252.94438pt.
[19 <./AnabolicStatistics_files/figure-latex/unnamed-chunk-11-2.pdf> <./Anaboli
cStatistics_files/figure-latex/unnamed-chunk-11-3.pdf>]
<AnabolicStatistics_files/figure-latex/unnamed-chunk-11-5.pdf, id=289, 361.35pt
 x 252.945pt>
File: AnabolicStatistics_files/figure-latex/unnamed-chunk-11-5.pdf Graphic file
 (type pdf)
<use AnabolicStatistics_files/figure-latex/unnamed-chunk-11-5.pdf>
Package pdftex.def Info: AnabolicStatistics_files/figure-latex/unnamed-chunk-11
-5.pdf  used on input line 1020.
(pdftex.def)             Requested size: 361.34912pt x 252.94438pt.
<AnabolicStatistics_files/figure-latex/unnamed-chunk-11-6.pdf, id=290, 361.35pt
 x 252.945pt>
File: AnabolicStatistics_files/figure-latex/unnamed-chunk-11-6.pdf Graphic file
 (type pdf)
<use AnabolicStatistics_files/figure-latex/unnamed-chunk-11-6.pdf>
Package pdftex.def Info: AnabolicStatistics_files/figure-latex/unnamed-chunk-11
-6.pdf  used on input line 1029.
(pdftex.def)             Requested size: 361.34912pt x 252.94438pt.
[20 <./AnabolicStatistics_files/figure-latex/unnamed-chunk-11-4.pdf> <./Anaboli
cStatistics_files/figure-latex/unnamed-chunk-11-5.pdf>] [21 <./AnabolicStatisti
cs_files/figure-latex/unnamed-chunk-11-6.pdf>]

LaTeX Warning: Command \v invalid in math mode on input line 1079.


LaTeX Warning: Command \v invalid in math mode on input line 1079.


LaTeX Warning: Command \v invalid in math mode on input line 1080.

[22]

LaTeX Warning: Command \v invalid in math mode on input line 1174.


LaTeX Warning: Command \v invalid in math mode on input line 1174.


LaTeX Warning: Command \v invalid in math mode on input line 1175.

[23] [24]

LaTeX Warning: Command \v invalid in math mode on input line 1347.


LaTeX Warning: Command \v invalid in math mode on input line 1347.


LaTeX Warning: Command \v invalid in math mode on input line 1348.

[25]
<AnabolicStatistics_files/figure-latex/unnamed-chunk-20-1.pdf, id=336, 361.35pt
 x 252.945pt>
File: AnabolicStatistics_files/figure-latex/unnamed-chunk-20-1.pdf Graphic file
 (type pdf)
<use AnabolicStatistics_files/figure-latex/unnamed-chunk-20-1.pdf>
Package pdftex.def Info: AnabolicStatistics_files/figure-latex/unnamed-chunk-20
-1.pdf  used on input line 1391.
(pdftex.def)             Requested size: 361.34912pt x 252.94438pt.
<AnabolicStatistics_files/figure-latex/unnamed-chunk-20-2.pdf, id=337, 361.35pt
 x 252.945pt>
File: AnabolicStatistics_files/figure-latex/unnamed-chunk-20-2.pdf Graphic file
 (type pdf)
<use AnabolicStatistics_files/figure-latex/unnamed-chunk-20-2.pdf>
Package pdftex.def Info: AnabolicStatistics_files/figure-latex/unnamed-chunk-20
-2.pdf  used on input line 1399.
(pdftex.def)             Requested size: 361.34912pt x 252.94438pt.
[26 <./AnabolicStatistics_files/figure-latex/unnamed-chunk-20-1.pdf>] [27 <./An
abolicStatistics_files/figure-latex/unnamed-chunk-20-2.pdf>] [28] [29]
<AnabolicStatistics_files/figure-latex/unnamed-chunk-23-1.pdf, id=376, 361.35pt
 x 252.945pt>
File: AnabolicStatistics_files/figure-latex/unnamed-chunk-23-1.pdf Graphic file
 (type pdf)
<use AnabolicStatistics_files/figure-latex/unnamed-chunk-23-1.pdf>
Package pdftex.def Info: AnabolicStatistics_files/figure-latex/unnamed-chunk-23
-1.pdf  used on input line 1607.
(pdftex.def)             Requested size: 361.34912pt x 252.94438pt.
[30 <./AnabolicStatistics_files/figure-latex/unnamed-chunk-23-1.pdf>]
<AnabolicStatistics_files/figure-latex/unnamed-chunk-25-1.pdf, id=389, 361.35pt
 x 252.945pt>
File: AnabolicStatistics_files/figure-latex/unnamed-chunk-25-1.pdf Graphic file
 (type pdf)
<use AnabolicStatistics_files/figure-latex/unnamed-chunk-25-1.pdf>
Package pdftex.def Info: AnabolicStatistics_files/figure-latex/unnamed-chunk-25
-1.pdf  used on input line 1671.
(pdftex.def)             Requested size: 361.34912pt x 252.94438pt.
[31 <./AnabolicStatistics_files/figure-latex/unnamed-chunk-25-1.pdf>]
<AnabolicStatistics_files/figure-latex/unnamed-chunk-27-1.pdf, id=403, 361.35pt
 x 252.945pt>
File: AnabolicStatistics_files/figure-latex/unnamed-chunk-27-1.pdf Graphic file
 (type pdf)
<use AnabolicStatistics_files/figure-latex/unnamed-chunk-27-1.pdf>
Package pdftex.def Info: AnabolicStatistics_files/figure-latex/unnamed-chunk-27
-1.pdf  used on input line 1757.
(pdftex.def)             Requested size: 361.34912pt x 252.94438pt.
[32]
<AnabolicStatistics_files/figure-latex/unnamed-chunk-27-2.pdf, id=408, 361.35pt
 x 252.945pt>
File: AnabolicStatistics_files/figure-latex/unnamed-chunk-27-2.pdf Graphic file
 (type pdf)
<use AnabolicStatistics_files/figure-latex/unnamed-chunk-27-2.pdf>
Package pdftex.def Info: AnabolicStatistics_files/figure-latex/unnamed-chunk-27
-2.pdf  used on input line 1767.
(pdftex.def)             Requested size: 361.34912pt x 252.94438pt.
[33 <./AnabolicStatistics_files/figure-latex/unnamed-chunk-27-1.pdf> <./Anaboli
cStatistics_files/figure-latex/unnamed-chunk-27-2.pdf>] [34]
<AnabolicStatistics_files/figure-latex/unnamed-chunk-29-1.pdf, id=432, 361.35pt
 x 252.945pt>
File: AnabolicStatistics_files/figure-latex/unnamed-chunk-29-1.pdf Graphic file
 (type pdf)
<use AnabolicStatistics_files/figure-latex/unnamed-chunk-29-1.pdf>
Package pdftex.def Info: AnabolicStatistics_files/figure-latex/unnamed-chunk-29
-1.pdf  used on input line 1854.
(pdftex.def)             Requested size: 361.34912pt x 252.94438pt.
[35 <./AnabolicStatistics_files/figure-latex/unnamed-chunk-29-1.pdf>]
<AnabolicStatistics_files/figure-latex/unnamed-chunk-31-1.pdf, id=445, 361.35pt
 x 252.945pt>
File: AnabolicStatistics_files/figure-latex/unnamed-chunk-31-1.pdf Graphic file
 (type pdf)
<use AnabolicStatistics_files/figure-latex/unnamed-chunk-31-1.pdf>
Package pdftex.def Info: AnabolicStatistics_files/figure-latex/unnamed-chunk-31
-1.pdf  used on input line 1919.
(pdftex.def)             Requested size: 361.34912pt x 252.94438pt.
[36 <./AnabolicStatistics_files/figure-latex/unnamed-chunk-31-1.pdf>]
<AnabolicStatistics_files/figure-latex/unnamed-chunk-33-1.pdf, id=458, 361.35pt
 x 252.945pt>
File: AnabolicStatistics_files/figure-latex/unnamed-chunk-33-1.pdf Graphic file
 (type pdf)
<use AnabolicStatistics_files/figure-latex/unnamed-chunk-33-1.pdf>
Package pdftex.def Info: AnabolicStatistics_files/figure-latex/unnamed-chunk-33
-1.pdf  used on input line 1982.
(pdftex.def)             Requested size: 361.34912pt x 252.94438pt.
[37] [38 <./AnabolicStatistics_files/figure-latex/unnamed-chunk-33-1.pdf>]
<AnabolicStatistics_files/figure-latex/unnamed-chunk-39-1.pdf, id=481, 361.35pt
 x 252.945pt>
File: AnabolicStatistics_files/figure-latex/unnamed-chunk-39-1.pdf Graphic file
 (type pdf)
<use AnabolicStatistics_files/figure-latex/unnamed-chunk-39-1.pdf>
Package pdftex.def Info: AnabolicStatistics_files/figure-latex/unnamed-chunk-39
-1.pdf  used on input line 2109.
(pdftex.def)             Requested size: 361.34912pt x 252.94438pt.
[39] [40 <./AnabolicStatistics_files/figure-latex/unnamed-chunk-39-1.pdf>] (./A
nabolicStatistics.aux)
 ***********
LaTeX2e <2023-11-01> patch level 1
L3 programming layer <2024-01-04>
 ***********
 ) 
Here is how much of TeX's memory you used:
 14368 strings out of 474165
 235631 string characters out of 5749497
 1951542 words of memory out of 5000000
 36174 multiletter control sequences out of 15000+600000
 622913 words of font info for 162 fonts, out of 8000000 for 9000
 1141 hyphenation exceptions out of 8191
 77i,9n,81p,1106b,694s stack positions out of 10000i,1000n,20000p,200000b,200000s
<c:/texlive/2023/texmf-dist/fonts/type1/public/lm/lmbx10.pfb><c:/texlive/2023
/texmf-dist/fonts/type1/public/lm/lmbx12.pfb><c:/texlive/2023/texmf-dist/fonts/
type1/public/lm/lmbxi10.pfb><c:/texlive/2023/texmf-dist/fonts/type1/public/lm/l
mmi10.pfb><c:/texlive/2023/texmf-dist/fonts/type1/public/lm/lmr10.pfb><c:/texli
ve/2023/texmf-dist/fonts/type1/public/lm/lmr12.pfb><c:/texlive/2023/texmf-dist/
fonts/type1/public/lm/lmr17.pfb><c:/texlive/2023/texmf-dist/fonts/type1/public/
lm/lmr7.pfb><c:/texlive/2023/texmf-dist/fonts/type1/public/lm/lmsy10.pfb><c:/te
xlive/2023/texmf-dist/fonts/type1/public/lm/lmtk10.pfb><c:/texlive/2023/texmf-d
ist/fonts/type1/public/lm/lmtt10.pfb><c:/texlive/2023/texmf-dist/fonts/type1/pu
blic/lm/lmtti10.pfb>
Output written on AnabolicStatistics.pdf (40 pages, 670336 bytes).
PDF statistics:
 690 PDF objects out of 1000 (max. 8388607)
 549 compressed objects within 6 object streams
 127 named destinations out of 1000 (max. 500000)
 33182 words of extra memory for PDF output out of 35830 (max. 10000000)

